Failed to start server: Error: listen EADDRINUSE: address already in use 127.0.0.1:8923
[90m    at Server.setupListenHandle [as _listen2] (node:net:2008:16)[39m
[90m    at listenInCluster (node:net:2065:12)[39m
[90m    at node:net:2274:7[39m
[90m    at process.processTicksAndRejections (node:internal/process/task_queues:90:21)[39m {
  code: [32m'EADDRINUSE'[39m,
  errno: [33m-48[39m,
  syscall: [32m'listen'[39m,
  address: [32m'127.0.0.1'[39m,
  port: [33m8923[39m
}
Failed to start server: Error: listen EADDRINUSE: address already in use 127.0.0.1:8923
[90m    at Server.setupListenHandle [as _listen2] (node:net:2008:16)[39m
[90m    at listenInCluster (node:net:2065:12)[39m
[90m    at node:net:2274:7[39m
[90m    at process.processTicksAndRejections (node:internal/process/task_queues:90:21)[39m {
  code: [32m'EADDRINUSE'[39m,
  errno: [33m-48[39m,
  syscall: [32m'listen'[39m,
  address: [32m'127.0.0.1'[39m,
  port: [33m8923[39m
}
Failed to start server: Error: listen EADDRINUSE: address already in use 127.0.0.1:8923
[90m    at Server.setupListenHandle [as _listen2] (node:net:2008:16)[39m
[90m    at listenInCluster (node:net:2065:12)[39m
[90m    at node:net:2274:7[39m
[90m    at process.processTicksAndRejections (node:internal/process/task_queues:90:21)[39m {
  code: [32m'EADDRINUSE'[39m,
  errno: [33m-48[39m,
  syscall: [32m'listen'[39m,
  address: [32m'127.0.0.1'[39m,
  port: [33m8923[39m
}
Failed to start server: Error: listen EADDRINUSE: address already in use 127.0.0.1:8923
[90m    at Server.setupListenHandle [as _listen2] (node:net:2008:16)[39m
[90m    at listenInCluster (node:net:2065:12)[39m
[90m    at node:net:2274:7[39m
[90m    at process.processTicksAndRejections (node:internal/process/task_queues:90:21)[39m {
  code: [32m'EADDRINUSE'[39m,
  errno: [33m-48[39m,
  syscall: [32m'listen'[39m,
  address: [32m'127.0.0.1'[39m,
  port: [33m8923[39m
}
Failed to start server: Error: listen EADDRINUSE: address already in use 127.0.0.1:8923
[90m    at Server.setupListenHandle [as _listen2] (node:net:2008:16)[39m
[90m    at listenInCluster (node:net:2065:12)[39m
[90m    at node:net:2274:7[39m
[90m    at process.processTicksAndRejections (node:internal/process/task_queues:90:21)[39m {
  code: [32m'EADDRINUSE'[39m,
  errno: [33m-48[39m,
  syscall: [32m'listen'[39m,
  address: [32m'127.0.0.1'[39m,
  port: [33m8923[39m
}
Failed to start server: Error: listen EADDRINUSE: address already in use 127.0.0.1:8923
[90m    at Server.setupListenHandle [as _listen2] (node:net:2008:16)[39m
[90m    at listenInCluster (node:net:2065:12)[39m
[90m    at node:net:2274:7[39m
[90m    at process.processTicksAndRejections (node:internal/process/task_queues:90:21)[39m {
  code: [32m'EADDRINUSE'[39m,
  errno: [33m-48[39m,
  syscall: [32m'listen'[39m,
  address: [32m'127.0.0.1'[39m,
  port: [33m8923[39m
}
Failed to start server: Error: listen EADDRINUSE: address already in use 127.0.0.1:8923
[90m    at Server.setupListenHandle [as _listen2] (node:net:2008:16)[39m
[90m    at listenInCluster (node:net:2065:12)[39m
[90m    at node:net:2274:7[39m
[90m    at process.processTicksAndRejections (node:internal/process/task_queues:90:21)[39m {
  code: [32m'EADDRINUSE'[39m,
  errno: [33m-48[39m,
  syscall: [32m'listen'[39m,
  address: [32m'127.0.0.1'[39m,
  port: [33m8923[39m
}
Failed to start server: Error: listen EADDRINUSE: address already in use 127.0.0.1:8923
[90m    at Server.setupListenHandle [as _listen2] (node:net:2008:16)[39m
[90m    at listenInCluster (node:net:2065:12)[39m
[90m    at node:net:2274:7[39m
[90m    at process.processTicksAndRejections (node:internal/process/task_queues:90:21)[39m {
  code: [32m'EADDRINUSE'[39m,
  errno: [33m-48[39m,
  syscall: [32m'listen'[39m,
  address: [32m'127.0.0.1'[39m,
  port: [33m8923[39m
}
Failed to start server: Error: listen EADDRINUSE: address already in use 127.0.0.1:8923
[90m    at Server.setupListenHandle [as _listen2] (node:net:2008:16)[39m
[90m    at listenInCluster (node:net:2065:12)[39m
[90m    at node:net:2274:7[39m
[90m    at process.processTicksAndRejections (node:internal/process/task_queues:90:21)[39m {
  code: [32m'EADDRINUSE'[39m,
  errno: [33m-48[39m,
  syscall: [32m'listen'[39m,
  address: [32m'127.0.0.1'[39m,
  port: [33m8923[39m
}
Failed to start server: Error: listen EADDRINUSE: address already in use 127.0.0.1:8923
[90m    at Server.setupListenHandle [as _listen2] (node:net:2008:16)[39m
[90m    at listenInCluster (node:net:2065:12)[39m
[90m    at node:net:2274:7[39m
[90m    at process.processTicksAndRejections (node:internal/process/task_queues:90:21)[39m {
  code: [32m'EADDRINUSE'[39m,
  errno: [33m-48[39m,
  syscall: [32m'listen'[39m,
  address: [32m'127.0.0.1'[39m,
  port: [33m8923[39m
}

[Bridge Server] Started on http://127.0.0.1:8923
[Bridge Server] Health check: http://127.0.0.1:8923/api/health


[Bridge Server] Shutting down...
[Playwright] Disconnecting all connections (0)
[Bridge Server] Shutdown complete


[Bridge Server] Started on http://127.0.0.1:8923
[Bridge Server] Health check: http://127.0.0.1:8923/api/health

